C:\USERS\MAX\DOWNLOADS\SOURCE RELEASE2\SOURCE RELEASE\WEBCAMLIB\BIN\RELEASE\WEBCAMLIB.OBJ
C:\USERS\MAX\DOWNLOADS\SOURCE RELEASE2\SOURCE RELEASE\WEBCAMLIB\BIN\RELEASE\VC110.PDB
C:\USERS\MAX\DOWNLOADS\SOURCE RELEASE2\SOURCE RELEASE\WEBCAMLIB\BIN\RELEASE\.NETFRAMEWORK,VERSION=V4.0.ASSEMBLYATTRIBUTES.OBJ
C:\USERS\MAX\DOWNLOADS\SOURCE RELEASE2\SOURCE RELEASE\WEBCAMLIB\BIN\RELEASE\WEBCAMLIB.DLL
C:\USERS\MAX\DOWNLOADS\SOURCE RELEASE2\SOURCE RELEASE\WEBCAMLIB\BIN\RELEASE\WEBCAMLIB.PDB
C:\Users\max\Downloads\source release2\source release\WebCamLib\bin\Release\.NETFramework,Version=v4.0.AssemblyAttributes.obj
C:\Users\max\Downloads\source release2\source release\WebCamLib\bin\Release\WebCamLib.obj
C:\Users\max\Downloads\source release2\source release\WebCamLib\bin\Release\cl.command.1.tlog
C:\Users\max\Downloads\source release2\source release\WebCamLib\bin\Release\CL.read.1.tlog
C:\Users\max\Downloads\source release2\source release\WebCamLib\bin\Release\CL.write.1.tlog
C:\Users\max\Downloads\source release2\source release\WebCamLib\bin\Release\link-cvtres.read.1.tlog
C:\Users\max\Downloads\source release2\source release\WebCamLib\bin\Release\link-cvtres.write.1.tlog
C:\Users\max\Downloads\source release2\source release\WebCamLib\bin\Release\link-rc.read.1.tlog
C:\Users\max\Downloads\source release2\source release\WebCamLib\bin\Release\link-rc.write.1.tlog
C:\Users\max\Downloads\source release2\source release\WebCamLib\bin\Release\link.command.1.tlog
C:\Users\max\Downloads\source release2\source release\WebCamLib\bin\Release\link.read.1.tlog
C:\Users\max\Downloads\source release2\source release\WebCamLib\bin\Release\link.write.1.tlog
C:\Users\max\Downloads\source release2\source release\WebCamLib\bin\Release\metagen.read.1.tlog
C:\Users\max\Downloads\source release2\source release\WebCamLib\bin\Release\metagen.write.1.tlog
C:\Users\max\Downloads\source release2\source release\WebCamLib\bin\Release\vc110.pdb
C:\Users\max\Downloads\source release2\source release\WebCamLib\bin\Release\WebCamLib.pdb
C:\Users\max\Downloads\source release2\source release\WebCamLib\bin\Release\WebCamLib.dll.metagen
C:\Users\max\Downloads\source release2\source release\WebCamLib\bin\Release\TZRES.DLL.bi
C:\Users\max\Downloads\source release2\source release\WebCamLib\bin\Release\WebCamLib.dll
