C:\USERS\ARMED & DANGEROUS\DOCUMENTS\GITHUB\ROBOTIC-ARM-CONTROLLER\ROBOTARMCONTROL\SOURCE RELEASE\WEBCAMLIB\BIN\DEBUG\WEBCAMLIB.OBJ
C:\USERS\ARMED & DANGEROUS\DOCUMENTS\GITHUB\ROBOTIC-ARM-CONTROLLER\ROBOTARMCONTROL\SOURCE RELEASE\WEBCAMLIB\BIN\DEBUG\VC110.PDB
C:\USERS\ARMED & DANGEROUS\DOCUMENTS\GITHUB\ROBOTIC-ARM-CONTROLLER\ROBOTARMCONTROL\SOURCE RELEASE\WEBCAMLIB\BIN\DEBUG\.NETFRAMEWORK,VERSION=V4.0.ASSEMBLYATTRIBUTES.OBJ
C:\USERS\ARMED & DANGEROUS\DOCUMENTS\GITHUB\ROBOTIC-ARM-CONTROLLER\ROBOTARMCONTROL\SOURCE RELEASE\WEBCAMLIB\BIN\DEBUG\WEBCAMLIB.ILK
C:\USERS\ARMED & DANGEROUS\DOCUMENTS\GITHUB\ROBOTIC-ARM-CONTROLLER\ROBOTARMCONTROL\SOURCE RELEASE\WEBCAMLIB\BIN\DEBUG\WEBCAMLIB.DLL
C:\USERS\ARMED & DANGEROUS\DOCUMENTS\GITHUB\ROBOTIC-ARM-CONTROLLER\ROBOTARMCONTROL\SOURCE RELEASE\WEBCAMLIB\BIN\DEBUG\WEBCAMLIB.PDB
C:\Users\Armed & Dangerous\Documents\GitHub\Robotic-Arm-Controller\RobotArmControl\source release\WebCamLib\bin\Debug\WebCamLib.vcxprojResolveAssemblyReference.cache
C:\Users\Armed & Dangerous\Documents\GitHub\Robotic-Arm-Controller\RobotArmControl\source release\WebCamLib\bin\Debug\.NETFramework,Version=v4.0.AssemblyAttributes.obj
C:\Users\Armed & Dangerous\Documents\GitHub\Robotic-Arm-Controller\RobotArmControl\source release\WebCamLib\bin\Debug\WebCamLib.obj
C:\Users\Armed & Dangerous\Documents\GitHub\Robotic-Arm-Controller\RobotArmControl\source release\WebCamLib\bin\Debug\WebCamLib.ilk
C:\Users\Armed & Dangerous\Documents\GitHub\Robotic-Arm-Controller\RobotArmControl\source release\WebCamLib\bin\Debug\cl.command.1.tlog
C:\Users\Armed & Dangerous\Documents\GitHub\Robotic-Arm-Controller\RobotArmControl\source release\WebCamLib\bin\Debug\CL.read.1.tlog
C:\Users\Armed & Dangerous\Documents\GitHub\Robotic-Arm-Controller\RobotArmControl\source release\WebCamLib\bin\Debug\CL.write.1.tlog
C:\Users\Armed & Dangerous\Documents\GitHub\Robotic-Arm-Controller\RobotArmControl\source release\WebCamLib\bin\Debug\link.4280-cvtres.read.1.tlog
C:\Users\Armed & Dangerous\Documents\GitHub\Robotic-Arm-Controller\RobotArmControl\source release\WebCamLib\bin\Debug\link.4280-cvtres.write.1.tlog
C:\Users\Armed & Dangerous\Documents\GitHub\Robotic-Arm-Controller\RobotArmControl\source release\WebCamLib\bin\Debug\link.4280-rc.read.1.tlog
C:\Users\Armed & Dangerous\Documents\GitHub\Robotic-Arm-Controller\RobotArmControl\source release\WebCamLib\bin\Debug\link.4280-rc.write.1.tlog
C:\Users\Armed & Dangerous\Documents\GitHub\Robotic-Arm-Controller\RobotArmControl\source release\WebCamLib\bin\Debug\link.4280.read.1.tlog
C:\Users\Armed & Dangerous\Documents\GitHub\Robotic-Arm-Controller\RobotArmControl\source release\WebCamLib\bin\Debug\link.4280.write.1.tlog
C:\Users\Armed & Dangerous\Documents\GitHub\Robotic-Arm-Controller\RobotArmControl\source release\WebCamLib\bin\Debug\link.command.1.tlog
C:\Users\Armed & Dangerous\Documents\GitHub\Robotic-Arm-Controller\RobotArmControl\source release\WebCamLib\bin\Debug\link.read.1.tlog
C:\Users\Armed & Dangerous\Documents\GitHub\Robotic-Arm-Controller\RobotArmControl\source release\WebCamLib\bin\Debug\link.write.1.tlog
C:\Users\Armed & Dangerous\Documents\GitHub\Robotic-Arm-Controller\RobotArmControl\source release\WebCamLib\bin\Debug\metagen.read.1.tlog
C:\Users\Armed & Dangerous\Documents\GitHub\Robotic-Arm-Controller\RobotArmControl\source release\WebCamLib\bin\Debug\metagen.write.1.tlog
C:\Users\Armed & Dangerous\Documents\GitHub\Robotic-Arm-Controller\RobotArmControl\source release\WebCamLib\bin\Debug\vc110.pdb
C:\Users\Armed & Dangerous\Documents\GitHub\Robotic-Arm-Controller\RobotArmControl\source release\WebCamLib\bin\Debug\WebCamLib.pdb
C:\Users\Armed & Dangerous\Documents\GitHub\Robotic-Arm-Controller\RobotArmControl\source release\WebCamLib\bin\Debug\WebCamLib.dll.metagen
C:\Users\Armed & Dangerous\Documents\GitHub\Robotic-Arm-Controller\RobotArmControl\source release\WebCamLib\bin\Debug\RSAENH.DLL.bi
C:\Users\Armed & Dangerous\Documents\GitHub\Robotic-Arm-Controller\RobotArmControl\source release\WebCamLib\bin\Debug\TZRES.DLL.bi
C:\Users\Armed & Dangerous\Documents\GitHub\Robotic-Arm-Controller\RobotArmControl\source release\WebCamLib\bin\Debug\WebCamLib.dll
